** Message: 15:17:18.059: environement.vala:58: Exporting primary_variable
** Message: 15:17:18.060: environement.vala:59: desktop_environnement XDG_CURRENT_DESKTOP
** Message: 15:17:18.060: environement.vala:150: confir_dirs is null, export : /etc/xdg
** Message: 15:17:18.060: environement.vala:184: Exporting XDG_CONFIG_DIRS
** Message: 15:17:18.060: environement.vala:218: custom_data :
** Message: 15:17:18.060: environement.vala:219: data_dirs :/usr/local/share:/usr/share/raspi-ui-overrides:/usr/share:/usr/share/gdm:/var/lib/menu-xdg
** Message: 15:17:18.060: environement.vala:220: data_dirs not null, export : /usr/local/share:/usr/share/raspi-ui-overrides:/usr/share:/usr/share/gdm:/var/lib/menu-xdg
** Message: 15:17:18.060: environement.vala:225: Exporting XDG_DATA_DIRS
** Message: 15:17:18.061: utils.vala:138: Config system location : /etc/xdg/lxsession/LXDE-pi
** Message: 15:17:18.063: utils.vala:144: System system path location : /etc/xdg/lxsession/LXDE-pi/desktop.conf
** Message: 15:17:18.064: utils.vala:148: Final file used : /etc/xdg/lxsession/LXDE-pi/desktop.conf
** Message: 15:17:18.064: utils.vala:39: Config system location : /etc/xdg/lxsession/LXDE-pi
** Message: 15:17:18.064: utils.vala:45: System system path location : /etc/xdg/lxsession/LXDE-pi/desktop.conf

** (lxsession:611): WARNING **: 15:17:18.068: utils.vala:70: Datei oder Verzeichnis nicht gefunden
** Message: 15:17:18.069: settings.vala:540: Die Schlüsselwertedatei hat keinen Schlüssel »iGtk/ColorScheme« in der Gruppe »GTK«
** Message: 15:17:18.069: settings.vala:540: Die Schlüsselwertedatei hat keinen Schlüssel »windows_manager/command« in der Gruppe »Session«
** Message: 15:17:18.069: settings.vala:540: Die Schlüsselwertedatei hat keinen Schlüssel »panel/command« in der Gruppe »Session«
** Message: 15:17:18.069: settings.vala:540: Die Schlüsselwertedatei hat keinen Schlüssel »dock/command« in der Gruppe »Session«
** Message: 15:17:18.069: settings.vala:540: Die Schlüsselwertedatei hat keinen Schlüssel »file_manager/command« in der Gruppe »Session«
** Message: 15:17:18.074: settings.vala:540: Die Schlüsselwertedatei hat keinen Schlüssel »desktop_manager/command« in der Gruppe »Session«
** Message: 15:17:18.075: settings.vala:540: Die Schlüsselwertedatei hat keinen Schlüssel »launcher_manager/autostart« in der Gruppe »Session«
** Message: 15:17:18.075: settings.vala:540: Die Schlüsselwertedatei hat keinen Schlüssel »composite_manager/command« in der Gruppe »Session«
** Message: 15:17:18.075: settings.vala:540: Die Schlüsselwertedatei hat keinen Schlüssel »im1/command« in der Gruppe »Session«
** Message: 15:17:18.075: settings.vala:540: Die Schlüsselwertedatei hat keinen Schlüssel »im2/command« in der Gruppe »Session«
** Message: 15:17:18.075: settings.vala:540: Die Schlüsselwertedatei hat keinen Schlüssel »widget1/command« in der Gruppe »Session«
** Message: 15:17:18.075: settings.vala:540: Die Schlüsselwertedatei hat keinen Schlüssel »notification/command« in der Gruppe »Session«
** Message: 15:17:18.075: settings.vala:540: Die Schlüsselwertedatei hat keinen Schlüssel »keybindings/command« in der Gruppe »Session«
** Message: 15:17:18.075: settings.vala:540: Die Schlüsselwertedatei hat keinen Schlüssel »im_manager/command« in der Gruppe »Session«
** Message: 15:17:18.075: settings.vala:540: Die Schlüsselwertedatei hat keinen Schlüssel »screensaver/command« in der Gruppe »Session«
** Message: 15:17:18.076: settings.vala:540: Die Schlüsselwertedatei hat keinen Schlüssel »power_manager/command« in der Gruppe »Session«
** Message: 15:17:18.076: settings.vala:540: Die Schlüsselwertedatei hat keinen Schlüssel »audio_manager/command« in der Gruppe »Session«
** Message: 15:17:18.076: settings.vala:540: Die Schlüsselwertedatei hat keinen Schlüssel »workspace_manager/command« in der Gruppe »Session«
** Message: 15:17:18.076: settings.vala:540: Die Schlüsselwertedatei hat keinen Schlüssel »screenshot_manager/command« in der Gruppe »Session«
** Message: 15:17:18.076: settings.vala:540: Die Schlüsselwertedatei hat keinen Schlüssel »message_manager/command« in der Gruppe »Session«
** Message: 15:17:18.077: settings.vala:540: Die Schlüsselwertedatei hat keinen Schlüssel »upgrade_manager/command« in der Gruppe »Session«
** Message: 15:17:18.077: settings.vala:540: Die Schlüsselwertedatei hat keinen Schlüssel »updates_manager/command« in der Gruppe »Session«
** Message: 15:17:18.077: settings.vala:540: Die Schlüsselwertedatei hat keinen Schlüssel »updates_manager/timeout« in der Gruppe »Session«
** Message: 15:17:18.077: settings.vala:540: Die Schlüsselwertedatei hat keinen Schlüssel »crash_manager/command« in der Gruppe »Session«
** Message: 15:17:18.077: settings.vala:540: Die Schlüsselwertedatei hat keinen Schlüssel »crash_manager/dev_mode« in der Gruppe »Session«
** Message: 15:17:18.078: settings.vala:540: Die Schlüsselwertedatei hat keinen Schlüssel »crash_manager/timeout« in der Gruppe »Session«
** Message: 15:17:18.078: settings.vala:540: Die Schlüsselwertedatei hat keinen Schlüssel »upstart_user_session« in der Gruppe »Session«
** Message: 15:17:18.078: settings.vala:540: Die Schlüsselwertedatei hat keinen Schlüssel »proxy_manager/http« in der Gruppe »Session«
** Message: 15:17:18.078: settings.vala:540: Die Schlüsselwertedatei hat keinen Schlüssel »a11y/command« in der Gruppe »Session«
** Message: 15:17:18.078: settings.vala:540: Die Schlüsselwertedatei hat keinen Schlüssel »xrandr/command« in der Gruppe »Session«
** Message: 15:17:18.078: settings.vala:540: Die Schlüsselwertedatei hat keinen Schlüssel »network_gui/command« in der Gruppe »Session«
** Message: 15:17:18.079: settings.vala:540: Die Schlüsselwertedatei hat keinen Schlüssel »webbrowser/command« in der Gruppe »Session«
** Message: 15:17:18.079: settings.vala:540: Die Schlüsselwertedatei hat keinen Schlüssel »email/command« in der Gruppe »Session«
** Message: 15:17:18.079: settings.vala:540: Die Schlüsselwertedatei hat keinen Schlüssel »pdf_reader/command« in der Gruppe »Session«
** Message: 15:17:18.079: settings.vala:540: Die Schlüsselwertedatei hat keinen Schlüssel »video_player/command« in der Gruppe »Session«
** Message: 15:17:18.079: settings.vala:540: Die Schlüsselwertedatei hat keinen Schlüssel »audio_player/command« in der Gruppe »Session«
** Message: 15:17:18.079: settings.vala:540: Die Schlüsselwertedatei hat keinen Schlüssel »images_display/command« in der Gruppe »Session«
** Message: 15:17:18.079: settings.vala:540: Die Schlüsselwertedatei hat keinen Schlüssel »text_editor/command« in der Gruppe »Session«
** Message: 15:17:18.080: settings.vala:540: Die Schlüsselwertedatei hat keinen Schlüssel »archive/command« in der Gruppe »Session«
** Message: 15:17:18.080: settings.vala:540: Die Schlüsselwertedatei hat keinen Schlüssel »charmap/command« in der Gruppe »Session«
** Message: 15:17:18.080: settings.vala:540: Die Schlüsselwertedatei hat keinen Schlüssel »calculator/command« in der Gruppe »Session«
** Message: 15:17:18.080: settings.vala:540: Die Schlüsselwertedatei hat keinen Schlüssel »spreadsheet/command« in der Gruppe »Session«
** Message: 15:17:18.080: settings.vala:540: Die Schlüsselwertedatei hat keinen Schlüssel »bittorent/command« in der Gruppe »Session«
** Message: 15:17:18.080: settings.vala:540: Die Schlüsselwertedatei hat keinen Schlüssel »document/command« in der Gruppe »Session«
** Message: 15:17:18.080: settings.vala:540: Die Schlüsselwertedatei hat keinen Schlüssel »webcam/command« in der Gruppe »Session«
** Message: 15:17:18.080: settings.vala:540: Die Schlüsselwertedatei hat keinen Schlüssel »burn/command« in der Gruppe »Session«
** Message: 15:17:18.081: settings.vala:540: Die Schlüsselwertedatei hat keinen Schlüssel »notes/command« in der Gruppe »Session«
** Message: 15:17:18.081: settings.vala:540: Die Schlüsselwertedatei hat keinen Schlüssel »disk_utility/command« in der Gruppe »Session«
** Message: 15:17:18.081: settings.vala:540: Die Schlüsselwertedatei hat keinen Schlüssel »tasks/command« in der Gruppe »Session«
** Message: 15:17:18.081: settings.vala:540: Die Schlüsselwertedatei enthält nicht die Gruppe »Keymap«
** Message: 15:17:18.081: settings.vala:540: Die Schlüsselwertedatei hat keinen Schlüssel »laptop_mode« in der Gruppe »State«
** Message: 15:17:18.081: settings.vala:540: Die Schlüsselwertedatei hat keinen Schlüssel »gnome« in der Gruppe »Dbus«
** Message: 15:17:18.081: settings.vala:540: Die Schlüsselwertedatei hat keinen Schlüssel »type« in der Gruppe »Environment«
** Message: 15:17:18.082: settings.vala:540: Die Schlüsselwertedatei hat keinen Schlüssel »ubuntu_menuproxy« in der Gruppe »Environment«
** Message: 15:17:18.082: settings.vala:540: Die Schlüsselwertedatei hat keinen Schlüssel »toolkit_integration« in der Gruppe »Environment«
** Message: 15:17:18.082: settings.vala:540: Die Schlüsselwertedatei hat keinen Schlüssel »gtk/overlay_scrollbar_disable« in der Gruppe »Environment«
** Message: 15:17:18.082: settings.vala:540: Die Schlüsselwertedatei hat keinen Schlüssel »qt/force_theme« in der Gruppe »Environment«
** Message: 15:17:18.082: settings.vala:540: Die Schlüsselwertedatei hat keinen Schlüssel »qt/platform« in der Gruppe »Environment«
** Message: 15:17:18.084: settings.vala:462: Monitoring: /etc/xdg/lxsession/LXDE-pi/desktop.conf
** Message: 15:17:18.084: settings.vala:470: Desktop file is not in config home, monitoring creation of it
** Message: 15:17:18.084: settings.vala:485: Monitoring home path: /home/pi/.config/lxsession/LXDE-pi/desktop.conf
** Message: 15:17:18.085: environement.vala:79: Exporting variable
** Message: 15:17:18.085: environement.vala:80: desktop_environnement XDG_CURRENT_DESKTOP
** Message: 15:17:18.085: environement.vala:177: custom_config :
** Message: 15:17:18.085: environement.vala:178: config_dirs :/etc/xdg
** Message: 15:17:18.085: environement.vala:179: confir_dirs not null, export : /etc/xdg
** Message: 15:17:18.085: environement.vala:184: Exporting XDG_CONFIG_DIRS
** Message: 15:17:18.085: environement.vala:218: custom_data :
** Message: 15:17:18.086: environement.vala:219: data_dirs :/usr/local/share:/usr/share/raspi-ui-overrides:/usr/share:/usr/share/gdm:/var/lib/menu-xdg
** Message: 15:17:18.086: environement.vala:220: data_dirs not null, export : /usr/local/share:/usr/share/raspi-ui-overrides:/usr/share:/usr/share/gdm:/var/lib/menu-xdg
** Message: 15:17:18.086: environement.vala:225: Exporting XDG_DATA_DIRS
** Message: 15:17:18.086: utils.vala:39: Config system location : /etc/xdg/lxsession/LXDE-pi
** Message: 15:17:18.086: utils.vala:45: System system path location : /etc/xdg/lxsession/LXDE-pi/desktop.conf

** (lxsession:611): WARNING **: 15:17:18.087: utils.vala:70: Datei oder Verzeichnis nicht gefunden
** Message: 15:17:18.087: environement.vala:254: No entry in [Environment_variable]. Die Schlüsselwertedatei enthält nicht die Gruppe »Environment_variable«
** Message: 15:17:18.103: utils.vala:138: Config system location : /etc/xdg/lxsession/LXDE-pi
** Message: 15:17:18.103: utils.vala:144: System system path location : /etc/xdg/lxsession/LXDE-pi/conffiles.conf
** Message: 15:17:18.104: utils.vala:148: Final file used : /etc/xdg/lxsession/LXDE-pi/conffiles.conf
** Message: 15:17:18.105: options.vala:164: Activate xsettings_manager build-in
** Message: 15:17:18.105: utils.vala:39: Config system location : /etc/xdg/lxsession/LXDE-pi
** Message: 15:17:18.106: utils.vala:45: System system path location : /etc/xdg/lxsession/LXDE-pi/desktop.conf

** (lxsession:611): WARNING **: 15:17:18.106: utils.vala:70: Datei oder Verzeichnis nicht gefunden
xprop:  no such property "_NET_NUMBER_OF_DESKTOPS"
xprop:  no such property "_NET_DESKTOP_NAMES"
** Message: 15:17:18.182: app.vala:721: polkit separate
** Message: 15:17:18.183: app.vala:721: polkit separate
** Message: 15:17:18.200: app.vala:76: Launching lxpolkit 
** Message: 15:17:18.200: utils.vala:138: Config system location : /etc/xdg/lxsession/LXDE-pi
** Message: 15:17:18.200: utils.vala:144: System system path location : /etc/xdg/lxsession/LXDE-pi/autostart
** Message: 15:17:18.200: utils.vala:148: Final file used : /etc/xdg/lxsession/LXDE-pi/autostart
** Message: 15:17:18.201: autostart.vala:42: Autostart path : /etc/xdg/lxsession/LXDE-pi/autostart
** Message: 15:17:18.241: app.vala:76: Launching lxpanel 
** Message: 15:17:18.275: app.vala:76: Launching pcmanfm 

** (lxsession:611): WARNING **: 15:17:18.328: app.vala:86: Kindprozess »xscreensaver« konnte nicht ausgeführt werden (Datei oder Verzeichnis nicht gefunden)

** (lxsession:611): WARNING **: 15:17:18.328: app.vala:87: Error when launching xscreensaver
** Message: 15:17:18.352: options.vala:107: Create build-in Clipboard
** Message: 15:17:18.356: main.vala:441: Check keymap_mode (null)
** Message: 15:17:18.366: app.vala:76: Launching /usr/bin/ssh-agent 
SSH_AUTH_SOCK=/tmp/ssh-CRdliq2nGJJb/agent.742; export SSH_AUTH_SOCK;
SSH_AGENT_PID=744; export SSH_AGENT_PID;
echo Agent pid 744;
** Message: 15:17:19.139: app.vala:130: /usr/bin/ssh-agent exit with this type of exit: 0
** Message: 15:17:19.533: x-terminal-emulator has very limited support, consider choose another terminal
** Message: 15:17:19.533: x-terminal-emulator has very limited support, consider choose another terminal
grep: /home/pi/.config/lxpanel/LXDE-pi/panels/*: Datei oder Verzeichnis nicht gefunden
Openbox-Message: Keine gültige Menü-Datei "/usr/share/lxde/openbox/menu.xml" vorhanden
** Message: 15:17:23.341: Connecting ...
** Message: 15:17:23.360: Status changed to down
xrandr: Failed to get size of gamma for output default
Unit pt-device-manager.service could not be found.

** (lxpanel:737): WARNING **: 15:17:23.765: Battery 0 not found
** Message: 15:17:24.529: Status changed to opened
** Message: 15:17:24.529: Connected to dhcpcd-8.1.2
** Message: 15:17:24.533: Status changed to connected
** Message: 15:17:24.533: eth0: Link is down
** Message: 15:17:24.533: wlan0: Associated with Marsupilamis
** Message: 15:17:24.533: wlan0: Configured 192.168.178.28/24
** Message: 15:17:24.533: wlan0: ROUTERADVERT
** Message: 15:17:24.537: wlan0: WPA status connected
** Message: 15:17:24.538: wlan0: Received scan results
** Message: 13:11:11.430: wlan0: Received scan results
** Message: 13:12:11.443: wlan0: Received scan results
** Message: 13:13:11.443: wlan0: Received scan results
** Message: 13:14:11.448: wlan0: Received scan results
** Message: 13:15:11.444: wlan0: Received scan results
** Message: 13:16:11.438: wlan0: Received scan results
** Message: 13:17:11.444: wlan0: Received scan results
** Message: 13:18:11.446: wlan0: Received scan results
** Message: 13:19:11.443: wlan0: Received scan results
